<?xml version="1.0" encoding="UTF-8"?>
<!-- Generated by org.testng.reporters.JUnitXMLReporter -->
<testsuite ignored="10" hostname="Aman-PC01" failures="2" tests="3" name="Test" time="70.195" errors="0" timestamp="2023-10-27T22:42:47 EDT">
  <testcase classname="com.naveenautomation.pagetest.AccountLoginPageTest" name="validateUserCanLoginWithValidCredentials" time="30.721">
    <skipped/>
  </testcase> <!-- validateUserCanLoginWithValidCredentials -->
  <testcase classname="com.naveenautomation.pagetest.AccountLoginPageTest" name="validateUserCanLoginWithValidCredentials" time="30.727">
    <failure type="org.openqa.selenium.TimeoutException" message="Expected condition failed: waiting for visibility of element located by By.cssSelector: #content&amp;gt;h2:first-of-type (tried for 10 second(s) with 500 milliseconds interval)">
      <![CDATA[org.openqa.selenium.TimeoutException: Expected condition failed: waiting for visibility of element located by By.cssSelector: #content>h2:first-of-type (tried for 10 second(s) with 500 milliseconds interval)
at org.openqa.selenium.support.ui.WebDriverWait.timeoutException(WebDriverWait.java:95)
at org.openqa.selenium.support.ui.FluentWait.until(FluentWait.java:272)
at com.naveenautomation.proxydriver.ProxyDriver.waitForElementToBeVisible(ProxyDriver.java:139)
at com.naveenautomation.proxydriver.ProxyDriver.getText(ProxyDriver.java:176)
at com.naveenautomation.page.AccountPage.myAccountText(AccountPage.java:24)
at com.naveenautomation.pagetest.AccountLoginPageTest.validateUserCanLoginWithValidCredentials(AccountLoginPageTest.java:35)
at java.base/java.util.ArrayList.forEach(ArrayList.java:1511)
Caused by: org.openqa.selenium.NoSuchElementException: no such element: Unable to locate element: {"method":"css selector","selector":"#content>h2:first-of-type"}
  (Session info: chrome=118.0.5993.118)
For documentation on this error, please visit: https://www.seleniumhq.org/exceptions/no_such_element.html
Build info: version: '3.141.59', revision: 'e82be7d358', time: '2018-11-14T08:17:03'
System info: host: 'AMAN-PC01', ip: '10.0.0.183', os.name: 'Windows 11', os.arch: 'amd64', os.version: '10.0', java.version: '17.0.7'
Driver info: org.openqa.selenium.chrome.ChromeDriver
Capabilities {acceptInsecureCerts: false, browserName: chrome, browserVersion: 118.0.5993.118, chrome: {chromedriverVersion: 118.0.5993.70 (e52f33f30b91..., userDataDir: C:\Users\amand\AppData\Loca...}, fedcm:accounts: true, goog:chromeOptions: {debuggerAddress: localhost:57258}, javascriptEnabled: true, networkConnectionEnabled: false, pageLoadStrategy: normal, platform: WINDOWS, platformName: WINDOWS, proxy: Proxy(), setWindowRect: true, strictFileInteractability: false, timeouts: {implicit: 0, pageLoad: 300000, script: 30000}, unhandledPromptBehavior: dismiss and notify, webauthn:extension:credBlob: true, webauthn:extension:largeBlob: true, webauthn:extension:minPinLength: true, webauthn:extension:prf: true, webauthn:virtualAuthenticators: true}
Session ID: b33a25e0670803c423fd2209556748ea
*** Element info: {Using=css selector, value=#content>h2:first-of-type}
at org.openqa.selenium.remote.http.W3CHttpResponseCodec.createException(W3CHttpResponseCodec.java:187)
at org.openqa.selenium.remote.http.W3CHttpResponseCodec.decode(W3CHttpResponseCodec.java:122)
at org.openqa.selenium.remote.http.W3CHttpResponseCodec.decode(W3CHttpResponseCodec.java:49)
at org.openqa.selenium.remote.HttpCommandExecutor.execute(HttpCommandExecutor.java:158)
at org.openqa.selenium.remote.service.DriverCommandExecutor.execute(DriverCommandExecutor.java:83)
at org.openqa.selenium.remote.RemoteWebDriver.execute(RemoteWebDriver.java:552)
at org.openqa.selenium.remote.RemoteWebDriver.findElement(RemoteWebDriver.java:323)
at org.openqa.selenium.remote.RemoteWebDriver.findElementByCssSelector(RemoteWebDriver.java:420)
at org.openqa.selenium.By$ByCssSelector.findElement(By.java:431)
at org.openqa.selenium.remote.RemoteWebDriver.findElement(RemoteWebDriver.java:315)
at com.naveenautomation.proxydriver.ProxyDriver.findElement(ProxyDriver.java:45)
at org.openqa.selenium.support.ui.ExpectedConditions$7.apply(ExpectedConditions.java:205)
at org.openqa.selenium.support.ui.ExpectedConditions$7.apply(ExpectedConditions.java:201)
at org.openqa.selenium.support.ui.FluentWait.until(FluentWait.java:249)
... 32 more
... Removed 32 stack frames]]>
    </failure>
  </testcase> <!-- validateUserCanLoginWithValidCredentials -->
  <testcase classname="com.naveenautomation.pagetest.AccountLoginPageTest" name="validateUserCanLoginWithValidCredentials" time="69.942">
    <failure type="java.lang.ClassCastException" message="class com.naveenautomation.proxydriver.ProxyDriver cannot be cast to class org.openqa.selenium.TakesScreenshot (com.naveenautomation.proxydriver.ProxyDriver and org.openqa.selenium.TakesScreenshot are in unnamed module of loader &amp;apos;app&amp;apos;)">
      <![CDATA[java.lang.ClassCastException: class com.naveenautomation.proxydriver.ProxyDriver cannot be cast to class org.openqa.selenium.TakesScreenshot (com.naveenautomation.proxydriver.ProxyDriver and org.openqa.selenium.TakesScreenshot are in unnamed module of loader 'app')
at com.naveenautomation.utils.Utils.takeFailedTestScreenShot(Utils.java:27)
at com.naveenautomation.utils.CustomListener.onTestFailure(CustomListener.java:26)
at java.base/java.util.ArrayList.forEach(ArrayList.java:1511)
... Removed 24 stack frames]]>
    </failure>
  </testcase> <!-- validateUserCanLoginWithValidCredentials -->
  <testcase classname="com.naveenautomation.pagetest.MacDesktopPageTest" name="validateIfUserCanAddTheProductInWishList" time="0.0">
    <ignored/>
  </testcase> <!-- validateIfUserCanAddTheProductInWishList -->
  <testcase classname="com.naveenautomation.pagetest.AccountLoginPageTest" name="validateLoginWithMultipleUsers" time="0.0">
    <ignored/>
  </testcase> <!-- validateLoginWithMultipleUsers -->
  <testcase classname="com.naveenautomation.pagetest.AccountPageTest" name="validateUserCanUpdatePersonalInfo" time="0.0">
    <ignored/>
  </testcase> <!-- validateUserCanUpdatePersonalInfo -->
  <testcase classname="com.naveenautomation.pagetest.AccountPageTest" name="validateRegistrationWithMultipleUsers" time="0.0">
    <ignored/>
  </testcase> <!-- validateRegistrationWithMultipleUsers -->
  <testcase classname="com.naveenautomation.pagetest.AccountPageTest" name="validateIfProductsAreAddedToTheWishList" time="0.0">
    <ignored/>
  </testcase> <!-- validateIfProductsAreAddedToTheWishList -->
  <testcase classname="com.naveenautomation.pagetest.AccountPageTest" name="validateSubscribeOption" time="0.0">
    <ignored/>
  </testcase> <!-- validateSubscribeOption -->
  <testcase classname="com.naveenautomation.pagetest.AccountLoginPageTest" name="validateIfUserCanLogout" time="0.0">
    <ignored/>
  </testcase> <!-- validateIfUserCanLogout -->
  <testcase classname="com.naveenautomation.pagetest.AccountLoginPageTest" name="validateUserCanNotLoginWithInValidCredentials" time="0.0">
    <ignored/>
  </testcase> <!-- validateUserCanNotLoginWithInValidCredentials -->
  <testcase classname="com.naveenautomation.pagetest.AccountLoginPageTest" name="validatingForgotPasswordFunctionality" time="0.0">
    <ignored/>
  </testcase> <!-- validatingForgotPasswordFunctionality -->
  <testcase classname="com.naveenautomation.pagetest.AccountPageTest" name="validateIfUserCanChangeThePassword" time="0.0">
    <ignored/>
  </testcase> <!-- validateIfUserCanChangeThePassword -->
</testsuite> <!-- Test -->
